proguard.cfg
-optimizationpasses 5
-dontusemixedcaseclassnames
-dontskipnonpubliclibraryclasses
-dontpreverify
-verbose
-optimizations !code/simplification/arithmetic,!field/*,!class/merging/*
-keep public class * extends android.app.Activity
-keep public class * extends android.app.Application
-keep public class * extends android.app.Service
-keep public class * extends android.content.BroadcastReceiver
-keep public class * extends android.content.ContentProvider
-keep public class com.android.vending.licensing.ILicensingService
-keepclasseswithmembernames class * {
    native <methods>;
}
-keepclasseswithmembernames class * {
    public <init>(android.content.Context, android.util.AttributeSet);
}
-keepclasseswithmembernames class * {
    public <init>(android.content.Context, android.util.AttributeSet, int);
}
-keepclassmembers enum * {
    public static **[] values();
    public static ** valueOf(java.lang.String);
}
-keep class * implements android.os.Parcelable {
  public static final android.os.Parcelable$Creator *;
}

-dontwarn **CompatHoneycomb
-libraryjars   libs/android-support-v4.jar
-dontwarn android.support.v4.**
-dontwarn com.google.android.gms.**
-keep class android.support.v4.** { *; }  
-keep interface android.support.v4.app.** { *; }  
-keep public class * extends android.support.v4.**  
-keep public class * extends android.app.Fragment

#ACRA specifics
# we need line numbers in our stack traces otherwise they are pretty useless
-renamesourcefileattribute SourceFile
-keepattributes SourceFile,LineNumberTable

# ACRA needs "annotations" so add this... 
-keepattributes *Annotation*

# keep this class so that logging will show 'ACRA' and not a obfuscated name like 'a'.
# Note: if you are removing log messages elsewhere in this file then this isn't necessary
-keep class org.acra.ACRA {
	*;
}

# keep this around for some enums that ACRA needs
-keep class org.acra.ReportingInteractionMode {
    *;
}

-keepnames class org.acra.sender.HttpSender$** {
    *;
}

-keepnames class org.acra.ReportField {
    *;
}

# keep this otherwise it is removed by ProGuard
-keep public class org.acra.ErrorReporter
{
    public void addCustomData(java.lang.String,java.lang.String);
    public void putCustomData(java.lang.String,java.lang.String);
    public void removeCustomData(java.lang.String);
}

# keep this otherwise it is removed by ProGuard
-keep public class org.acra.ErrorReporter
{
    public void handleSilentException(java.lang.Throwable);
}