proguard/seeds.txt
ca.etsmtl.applets.etsmobile.AboutActivity
ca.etsmtl.applets.etsmobile.AboutActivity: AboutActivity()
ca.etsmtl.applets.etsmobile.AppPreferenceActivity
ca.etsmtl.applets.etsmobile.BibliothequeActivity
ca.etsmtl.applets.etsmobile.BibliothequeActivity: BibliothequeActivity()
ca.etsmtl.applets.etsmobile.BottinListActivity
ca.etsmtl.applets.etsmobile.BottinListActivity: BottinListActivity()
ca.etsmtl.applets.etsmobile.BottinViewActivity
ca.etsmtl.applets.etsmobile.BottinViewActivity: BottinViewActivity()
ca.etsmtl.applets.etsmobile.ContactAdder
ca.etsmtl.applets.etsmobile.ContactAdder: ContactAdder()
ca.etsmtl.applets.etsmobile.CoopActivity
ca.etsmtl.applets.etsmobile.CoopActivity: CoopActivity()
ca.etsmtl.applets.etsmobile.ETSMobileActivity
ca.etsmtl.applets.etsmobile.ETSMobileActivity: ETSMobileActivity()
ca.etsmtl.applets.etsmobile.ETSMobileApp
ca.etsmtl.applets.etsmobile.ETSMobileApp: ETSMobileApp()
ca.etsmtl.applets.etsmobile.ETSMobileEmplActivity
ca.etsmtl.applets.etsmobile.ETSMobileEmplActivity: ETSMobileEmplActivity()
ca.etsmtl.applets.etsmobile.EmailWebView
ca.etsmtl.applets.etsmobile.EmailWebView: EmailWebView()
ca.etsmtl.applets.etsmobile.MyCourseDetailActivity
ca.etsmtl.applets.etsmobile.MyCourseDetailActivity: MyCourseDetailActivity()
ca.etsmtl.applets.etsmobile.MyCourseListActivity
ca.etsmtl.applets.etsmobile.MyCourseListActivity: MyCourseListActivity()
ca.etsmtl.applets.etsmobile.MyCourseSessionActivity
ca.etsmtl.applets.etsmobile.MyCourseSessionActivity: MyCourseSessionActivity()
ca.etsmtl.applets.etsmobile.NewsListActivity
ca.etsmtl.applets.etsmobile.NewsListActivity: NewsListActivity()
ca.etsmtl.applets.etsmobile.ProfileActivity
ca.etsmtl.applets.etsmobile.ProfileActivity: ProfileActivity()
ca.etsmtl.applets.etsmobile.ScheduleActivity
ca.etsmtl.applets.etsmobile.ScheduleActivity: ScheduleActivity()
ca.etsmtl.applets.etsmobile.ScheduleDetailActivity
ca.etsmtl.applets.etsmobile.ScheduleDetailActivity: ScheduleDetailActivity()
ca.etsmtl.applets.etsmobile.SecurityActivity
ca.etsmtl.applets.etsmobile.SecurityActivity: SecurityActivity()
ca.etsmtl.applets.etsmobile.SingleNewsActivity
ca.etsmtl.applets.etsmobile.SingleNewsActivity: SingleNewsActivity()
ca.etsmtl.applets.etsmobile.UrgenceActivity
ca.etsmtl.applets.etsmobile.UrgenceActivity: UrgenceActivity()
ca.etsmtl.applets.etsmobile.adapters.NewsCursorAdapter
ca.etsmtl.applets.etsmobile.api.SignetBackgroundThread$FetchType: ca.etsmtl.applets.etsmobile.api.SignetBackgroundThread$FetchType[] values()
ca.etsmtl.applets.etsmobile.api.SignetBackgroundThread$FetchType: ca.etsmtl.applets.etsmobile.api.SignetBackgroundThread$FetchType valueOf(java.lang.String)
ca.etsmtl.applets.etsmobile.fragments.NewsListFragment
ca.etsmtl.applets.etsmobile.fragments.NewsListFragment: NewsListFragment()
ca.etsmtl.applets.etsmobile.models.BottinEntry
ca.etsmtl.applets.etsmobile.models.Model
ca.etsmtl.applets.etsmobile.models.News
ca.etsmtl.applets.etsmobile.models.StudentProfile
ca.etsmtl.applets.etsmobile.models.StudentProfile: android.os.Parcelable$Creator CREATOR
ca.etsmtl.applets.etsmobile.preferences.NewsListPreferences
ca.etsmtl.applets.etsmobile.preferences.NewsListPreferences: NewsListPreferences()
ca.etsmtl.applets.etsmobile.providers.ETSMobileContentProvider
ca.etsmtl.applets.etsmobile.providers.ETSMobileContentProvider: ETSMobileContentProvider()
ca.etsmtl.applets.etsmobile.receivers.NewsAlarmReceiver
ca.etsmtl.applets.etsmobile.receivers.NewsAlarmReceiver: NewsAlarmReceiver()
ca.etsmtl.applets.etsmobile.services.BottinService
ca.etsmtl.applets.etsmobile.services.BottinService: BottinService()
ca.etsmtl.applets.etsmobile.services.NewsService
ca.etsmtl.applets.etsmobile.services.NewsService: NewsService()
...
com.google.android.gms.internal.as$a
com.google.android.gms.internal.as$b
com.google.android.gms.internal.ax$a
com.google.android.gms.internal.be
com.google.android.gms.internal.bf
com.google.android.gms.internal.bf: bf(android.content.Context,android.util.AttributeSet,int)
com.google.android.gms.internal.bf: bf(android.content.Context,android.util.AttributeSet)
com.google.android.gms.internal.bn
com.google.android.gms.internal.bt
com.google.android.gms.internal.ca
com.google.android.gms.maps.GoogleMapOptions
com.google.android.gms.maps.MapView
com.google.android.gms.maps.MapView: MapView(android.content.Context,android.util.AttributeSet)
com.google.android.gms.maps.MapView: MapView(android.content.Context,android.util.AttributeSet,int)
com.google.android.gms.maps.SupportMapFragment
com.google.android.gms.maps.SupportMapFragment: SupportMapFragment()
com.google.android.gms.maps.model.CameraPosition
com.google.android.gms.maps.model.CircleOptions
com.google.android.gms.maps.model.GroundOverlayOptions
com.google.android.gms.maps.model.LatLng
com.google.android.gms.maps.model.LatLngBounds
com.google.android.gms.maps.model.MarkerOptions
com.google.android.gms.maps.model.PolygonOptions
com.google.android.gms.maps.model.PolylineOptions
com.google.android.gms.maps.model.Tile
com.google.android.gms.maps.model.TileOverlayOptions
com.google.android.gms.maps.model.VisibleRegion
com.google.android.gms.plus.PlusOneButton
com.google.android.gms.plus.PlusOneButton: PlusOneButton(android.content.Context,android.util.AttributeSet)
com.google.gson.FieldNamingPolicy: com.google.gson.FieldNamingPolicy[] values()
com.google.gson.FieldNamingPolicy: com.google.gson.FieldNamingPolicy valueOf(java.lang.String)
com.google.gson.LongSerializationPolicy: com.google.gson.LongSerializationPolicy[] values()
com.google.gson.LongSerializationPolicy: com.google.gson.LongSerializationPolicy valueOf(java.lang.String)
com.google.gson.stream.JsonScope: com.google.gson.stream.JsonScope[] values()
com.google.gson.stream.JsonScope: com.google.gson.stream.JsonScope valueOf(java.lang.String)
com.google.gson.stream.JsonToken: com.google.gson.stream.JsonToken[] values()
com.google.gson.stream.JsonToken: com.google.gson.stream.JsonToken valueOf(java.lang.String)
org.acra.ACRA
org.acra.ACRA: boolean DEV_LOGGING
org.acra.ACRA: java.lang.String LOG_TAG
org.acra.ACRA: org.acra.log.ACRALog log
org.acra.ACRA: java.lang.String PREF_DISABLE_ACRA
org.acra.ACRA: java.lang.String PREF_ENABLE_ACRA
org.acra.ACRA: java.lang.String PREF_ENABLE_SYSTEM_LOGS
org.acra.ACRA: java.lang.String PREF_ENABLE_DEVICE_ID
org.acra.ACRA: java.lang.String PREF_USER_EMAIL_ADDRESS
org.acra.ACRA: java.lang.String PREF_ALWAYS_ACCEPT
org.acra.ACRA: java.lang.String PREF_LAST_VERSION_NR
org.acra.ACRA: android.app.Application mApplication
org.acra.ACRA: org.acra.annotation.ReportsCrashes mReportsCrashes
org.acra.ACRA: org.acra.ErrorReporter errorReporterSingleton
org.acra.ACRA: android.content.SharedPreferences$OnSharedPreferenceChangeListener mPrefListener
org.acra.ACRA: org.acra.ReportField[] DEFAULT_MAIL_REPORT_FIELDS
org.acra.ACRA: org.acra.ReportField[] DEFAULT_REPORT_FIELDS
org.acra.ACRA: org.acra.ACRAConfiguration configProxy
org.acra.ACRA: ACRA()
org.acra.ACRA: void init(android.app.Application)
org.acra.ACRA: org.acra.ErrorReporter getErrorReporter()
org.acra.ACRA: boolean shouldDisableACRA(android.content.SharedPreferences)
org.acra.ACRA: void checkCrashResources()
org.acra.ACRA: android.content.SharedPreferences getACRASharedPreferences()
org.acra.ACRA: org.acra.ACRAConfiguration getConfig()
org.acra.ACRA: void setConfig(org.acra.ACRAConfiguration)
org.acra.CrashReportDialog
org.acra.ErrorReporter
org.acra.ErrorReporter: void addCustomData(java.lang.String,java.lang.String)
org.acra.ErrorReporter: void handleSilentException(java.lang.Throwable)