proguard/mapping.txt
ca.etsmtl.applets.etsmobile.AboutActivity -> ca.etsmtl.applets.etsmobile.AboutActivity:
    android.widget.ScrollView scrollView -> a
    android.os.Handler handler -> b
    21:52:void onCreate(android.os.Bundle) -> onCreate
    16:16:android.os.Handler access$0(ca.etsmtl.applets.etsmobile.AboutActivity) -> a
    14:14:android.widget.ScrollView access$1(ca.etsmtl.applets.etsmobile.AboutActivity) -> b
ca.etsmtl.applets.etsmobile.AboutActivity$1 -> ca.etsmtl.applets.etsmobile.a:
    ca.etsmtl.applets.etsmobile.AboutActivity this$0 -> a
    36:47:void run() -> run
    31:31:ca.etsmtl.applets.etsmobile.AboutActivity access$0(ca.etsmtl.applets.etsmobile.AboutActivity$1) -> a
ca.etsmtl.applets.etsmobile.AboutActivity$1$1 -> ca.etsmtl.applets.etsmobile.b:
    ca.etsmtl.applets.etsmobile.AboutActivity$1 this$1 -> a
    40:45:void run() -> run
ca.etsmtl.applets.etsmobile.AppPreferenceActivity -> ca.etsmtl.applets.etsmobile.AppPreferenceActivity:
    9:11:void onCreate(android.os.Bundle) -> onCreate
ca.etsmtl.applets.etsmobile.BibliothequeActivity -> ca.etsmtl.applets.etsmobile.BibliothequeActivity:
    android.webkit.WebView webView -> a
    ca.etsmtl.applets.etsmobile.views.NavBar navBar -> b
    21:54:void onCreate(android.os.Bundle) -> onCreate
    17:17:ca.etsmtl.applets.etsmobile.views.NavBar access$0(ca.etsmtl.applets.etsmobile.BibliothequeActivity) -> a
ca.etsmtl.applets.etsmobile.BibliothequeActivity$1 -> ca.etsmtl.applets.etsmobile.c:
    ca.etsmtl.applets.etsmobile.BibliothequeActivity this$0 -> a
    32:33:void onNewPicture(android.webkit.WebView,android.graphics.Picture) -> onNewPicture
ca.etsmtl.applets.etsmobile.BibliothequeActivity$2 -> ca.etsmtl.applets.etsmobile.d:
    ca.etsmtl.applets.etsmobile.BibliothequeActivity this$0 -> a
    48:50:boolean shouldOverrideUrlLoading(android.webkit.WebView,java.lang.String) -> shouldOverrideUrlLoading
ca.etsmtl.applets.etsmobile.BottinListActivity -> ca.etsmtl.applets.etsmobile.BottinListActivity:
    java.lang.String[] PROJECTION -> a
    int[] TXT_VIEWS -> b
    java.lang.String[] DB_COLS -> c
    android.database.Cursor allEntryCursor -> d
    android.widget.SimpleCursorAdapter simpleCursor -> e
    android.widget.TextView txtView -> f
    android.content.ServiceConnection connection -> g
    android.widget.FilterQueryProvider myFilter -> h
    218:218:void afterTextChanged(android.text.Editable) -> afterTextChanged
    223:223:void beforeTextChanged(java.lang.CharSequence,int,int,int) -> beforeTextChanged
    235:250:void onCreate(android.os.Bundle) -> onCreate
    255:288:android.app.Dialog onCreateDialog(int) -> onCreateDialog
    294:297:void onItemClick(android.widget.AdapterView,android.view.View,int,long) -> onItemClick
    302:306:void onPause() -> onPause
    311:323:void onResume() -> onResume
    327:333:void onTextChanged(java.lang.CharSequence,int,int,int) -> onTextChanged
    337:338:boolean onCreateOptionsMenu(android.view.Menu) -> onCreateOptionsMenu
    343:346:boolean onOptionsItemSelected(android.view.MenuItem) -> onOptionsItemSelected
    355:361:boolean serviceIsRunning() -> d
    153:153:java.lang.String[] access$0() -> a
    179:179:android.content.ServiceConnection access$1(ca.etsmtl.applets.etsmobile.BottinListActivity) -> a
    168:168:java.lang.String[] access$2() -> b
ca.etsmtl.applets.etsmobile.BottinListActivity$1 -> ca.etsmtl.applets.etsmobile.e:
    ca.etsmtl.applets.etsmobile.BottinListActivity this$0 -> a
    183:184:void onServiceConnected(android.content.ComponentName,android.os.IBinder) -> onServiceConnected
    188:188:void onServiceDisconnected(android.content.ComponentName) -> onServiceDisconnected
ca.etsmtl.applets.etsmobile.BottinListActivity$2 -> ca.etsmtl.applets.etsmobile.f:
    ca.etsmtl.applets.etsmobile.BottinListActivity this$0 -> a
    197:209:android.database.Cursor runQuery(java.lang.CharSequence) -> runQuery
...
com.google.android.gms.internal.ap -> com.google.android.gms.internal.q:
    java.lang.Object bi -> a
    com.google.android.gms.internal.f d(java.lang.Object) -> a
    java.lang.Object b(com.google.android.gms.internal.f) -> a
com.google.android.gms.internal.aq -> com.google.android.gms.internal.aq:
com.google.android.gms.internal.ar -> com.google.android.gms.internal.r:
    void c(com.google.android.gms.internal.f) -> a
    com.google.android.gms.maps.internal.IMapFragmentDelegate d(com.google.android.gms.internal.f) -> b
    com.google.android.gms.maps.internal.IMapViewDelegate a(com.google.android.gms.internal.f,com.google.android.gms.maps.GoogleMapOptions) -> a
    com.google.android.gms.maps.internal.ICameraUpdateFactoryDelegate L() -> a
    com.google.android.gms.internal.h M() -> b
com.google.android.gms.internal.ar$a -> com.google.android.gms.internal.s:
    com.google.android.gms.internal.ar o(android.os.IBinder) -> a
    boolean onTransact(int,android.os.Parcel,android.os.Parcel,int) -> onTransact
com.google.android.gms.internal.ar$a$a -> com.google.android.gms.internal.t:
    android.os.IBinder b -> a
    android.os.IBinder asBinder() -> asBinder
    void c(com.google.android.gms.internal.f) -> a
    com.google.android.gms.maps.internal.IMapFragmentDelegate d(com.google.android.gms.internal.f) -> b
    com.google.android.gms.maps.internal.IMapViewDelegate a(com.google.android.gms.internal.f,com.google.android.gms.maps.GoogleMapOptions) -> a
    com.google.android.gms.maps.internal.ICameraUpdateFactoryDelegate L() -> a
    com.google.android.gms.internal.h M() -> b
com.google.android.gms.internal.as -> com.google.android.gms.internal.as:
    com.google.android.gms.internal.bz CREATOR -> a
    int aj -> b
    java.util.HashMap ca -> c
    java.util.ArrayList cb -> d
    java.lang.String cc -> e
    void X() -> d
    java.util.HashMap b(java.util.ArrayList) -> a
    int j() -> a
    java.util.ArrayList Z() -> b
    java.util.HashMap j(java.lang.String) -> a
    java.lang.String aa() -> c
    int describeContents() -> describeContents
    java.lang.String toString() -> toString
    void writeToParcel(android.os.Parcel,int) -> writeToParcel
com.google.android.gms.internal.as$a -> com.google.android.gms.internal.as$a:
    com.google.android.gms.internal.cl CREATOR -> a
    int versionCode -> b
    java.lang.String by -> c
    com.google.android.gms.internal.ax$a bz -> d
    int describeContents() -> describeContents
    void writeToParcel(android.os.Parcel,int) -> writeToParcel
com.google.android.gms.internal.as$b -> com.google.android.gms.internal.as$b:
    com.google.android.gms.internal.an CREATOR -> a
    int versionCode -> b
    java.lang.String className -> c
    java.util.ArrayList bG -> d
    java.util.ArrayList b(java.util.HashMap) -> a
    java.util.HashMap H() -> a
    int describeContents() -> describeContents
    void writeToParcel(android.os.Parcel,int) -> writeToParcel
com.google.android.gms.internal.au -> com.google.android.gms.internal.u:
    void remove() -> a
    java.lang.String getId() -> b
    void setPosition(com.google.android.gms.maps.model.LatLng) -> a
    com.google.android.gms.maps.model.LatLng getPosition() -> c
    void setDimensions(float) -> a
    void a(float,float) -> a
    float getWidth() -> d
    float getHeight() -> e
    void setPositionFromBounds(com.google.android.gms.maps.model.LatLngBounds) -> a
    com.google.android.gms.maps.model.LatLngBounds getBounds() -> f
    void setBearing(float) -> b
    float getBearing() -> g
    void setZIndex(float) -> c
    float getZIndex() -> h
    void setVisible(boolean) -> a
    boolean isVisible() -> i
    void setTransparency(float) -> d
    float getTransparency() -> j
    boolean a(com.google.android.gms.internal.au) -> a
    int hashCodeRemote() -> k