proguard/usage.txt
ca.etsmtl.applets.etsmobile.BottinListActivity:
    private static final java.lang.String SERVICE
    private static final int ALERT_INIT_BOTTIN
    private static final int ALERT_LOADING
    protected static final java.lang.String LOG_TAG
ca.etsmtl.applets.etsmobile.BuildConfig
ca.etsmtl.applets.etsmobile.ContactAdder:
    public static final java.lang.String TAG
    public static final java.lang.String ACCOUNT_NAME
    public static final java.lang.String ACCOUNT_TYPE
ca.etsmtl.applets.etsmobile.ETSMobileActivity:
    private static final int LOGIN
ca.etsmtl.applets.etsmobile.ETSMobileEmplActivity:
    private static final int LOGIN
ca.etsmtl.applets.etsmobile.Manifest
ca.etsmtl.applets.etsmobile.Manifest$permission
ca.etsmtl.applets.etsmobile.MyCourseListActivity:
    private static final int SHOW_LOGIN
    protected static final int LOGIN_ERROR
ca.etsmtl.applets.etsmobile.NewsListActivity:
    private static final java.lang.String SERVICE
ca.etsmtl.applets.etsmobile.ProfileActivity:
    private static final int SHOW_LOGIN
    protected static final int LOGIN_ERROR
    protected static final int SHOW_BAND_RESULT
    protected ca.etsmtl.applets.etsmobile.models.StudentProfile profile
ca.etsmtl.applets.etsmobile.R:
    10:10:public R()
ca.etsmtl.applets.etsmobile.R$anim
ca.etsmtl.applets.etsmobile.R$array
ca.etsmtl.applets.etsmobile.R$attr
ca.etsmtl.applets.etsmobile.R$color
ca.etsmtl.applets.etsmobile.R$dimen
ca.etsmtl.applets.etsmobile.R$drawable
ca.etsmtl.applets.etsmobile.R$id
ca.etsmtl.applets.etsmobile.R$integer
ca.etsmtl.applets.etsmobile.R$layout
ca.etsmtl.applets.etsmobile.R$menu
ca.etsmtl.applets.etsmobile.R$string
ca.etsmtl.applets.etsmobile.R$style
ca.etsmtl.applets.etsmobile.R$styleable:
    public static final int NumGridView_cellCountX
    public static final int NumGridView_cellCountY
    public static final int NumGridView_stretch
    420:420:public R$styleable()
ca.etsmtl.applets.etsmobile.R$xml
ca.etsmtl.applets.etsmobile.UrgenceActivity:
    private static final java.lang.String APPLICATION_PDF
ca.etsmtl.applets.etsmobile.adapters.MyCourseAdapter:
    private static final int ITEM_VIEW_TYPE_LIST_ITEM
    private static final int ITEM_VIEW_TYPE_SEPARATOR
    private static final int ITEM_VIEW_TYPE_COUNT
ca.etsmtl.applets.etsmobile.adapters.MyCourseDetailAdapter:
    private static final int ITEM_VIEW_TYPE_LIST_ITEM
    private static final int ITEM_VIEW_TYPE_SEPARATOR
    private static final int ITEM_VIEW_TYPE_COUNT
ca.etsmtl.applets.etsmobile.adapters.MyCourseSessionAdapter:
    private static final int ITEM_VIEW_TYPE_LIST_ITEM
    private static final int ITEM_VIEW_TYPE_SEPARATOR
    private static final int ITEM_VIEW_TYPE_COUNT
ca.etsmtl.applets.etsmobile.dialogs.LoginDialog:
    25:27:protected LoginDialog(android.content.Context,boolean,android.content.DialogInterface$OnCancelListener)
ca.etsmtl.applets.etsmobile.fragments.NewsListFragment:
    public static final int ID
...
com.google.android.gms.plus.PlusClient$b
com.google.android.gms.plus.PlusOneButton
com.google.android.gms.plus.PlusOneButton$OnPlusOneClickListener
com.google.android.gms.plus.PlusShare
com.google.android.gms.plus.PlusShare$Builder
com.google.android.gms.plus.model.apps.ApplicationBuffer
com.google.android.gms.plus.model.moments.ItemScope
com.google.android.gms.plus.model.moments.ItemScope$Builder
com.google.android.gms.plus.model.moments.Moment
com.google.android.gms.plus.model.moments.Moment$Builder
com.google.android.gms.plus.model.moments.MomentBuffer
com.google.android.gms.plus.model.people.Person
com.google.android.gms.plus.model.people.Person$AgeRange
com.google.android.gms.plus.model.people.Person$Collection
com.google.android.gms.plus.model.people.Person$Cover
com.google.android.gms.plus.model.people.Person$Cover$CoverInfo
com.google.android.gms.plus.model.people.Person$Cover$CoverPhoto
com.google.android.gms.plus.model.people.Person$Cover$Layout
com.google.android.gms.plus.model.people.Person$Emails
com.google.android.gms.plus.model.people.Person$Emails$Type
com.google.android.gms.plus.model.people.Person$Gender
com.google.android.gms.plus.model.people.Person$Image
com.google.android.gms.plus.model.people.Person$Name
com.google.android.gms.plus.model.people.Person$ObjectType
com.google.android.gms.plus.model.people.Person$OrderBy
com.google.android.gms.plus.model.people.Person$Organizations
com.google.android.gms.plus.model.people.Person$Organizations$Type
com.google.android.gms.plus.model.people.Person$PlacesLived
com.google.android.gms.plus.model.people.Person$RelationshipStatus
com.google.android.gms.plus.model.people.Person$Urls
com.google.android.gms.plus.model.people.Person$Urls$Type
com.google.android.gms.plus.model.people.PersonBuffer
com.google.gson.DefaultDateTypeAdapter
com.google.gson.FieldAttributes:
    53:53:public java.lang.Class getDeclaringClass()
    60:60:public java.lang.String getName()
    80:80:public java.lang.reflect.Type getDeclaredType()
    100:100:public java.lang.Class getDeclaredClass()
    111:111:public java.lang.annotation.Annotation getAnnotation(java.lang.Class)
    121:121:public java.util.Collection getAnnotations()
    135:135:public boolean hasModifier(int)
    146:146:java.lang.Object get(java.lang.Object)
    155:155:boolean isSynthetic()
com.google.gson.Gson:
    static final boolean DEFAULT_JSON_NON_EXECUTABLE
    private static final java.lang.String JSON_NON_EXECUTABLE_PREFIX
    455:458:public com.google.gson.JsonElement toJsonTree(java.lang.Object)
    478:480:public com.google.gson.JsonElement toJsonTree(java.lang.Object,java.lang.reflect.Type)
    539:544:public void toJson(java.lang.Object,java.lang.Appendable)
    733:736:public java.lang.Object fromJson(java.io.Reader,java.lang.Class)
    832:833:public java.lang.Object fromJson(com.google.gson.JsonElement,java.lang.Class)
    856:859:public java.lang.Object fromJson(com.google.gson.JsonElement,java.lang.reflect.Type)
com.google.gson.Gson$2:
    131:131:public java.lang.Object deserialize(com.google.gson.JsonElement,java.lang.reflect.Type)
com.google.gson.Gson$3:
    137:137:public com.google.gson.JsonElement serialize(java.lang.Object)
    140:140:public com.google.gson.JsonElement serialize(java.lang.Object,java.lang.reflect.Type)
com.google.gson.GsonBuilder
com.google.gson.JsonArray:
    61:62:public void addAll(com.google.gson.JsonArray)
    70:70:public int size()
    92:92:public com.google.gson.JsonElement get(int)
    154:157:public java.math.BigDecimal getAsBigDecimal()
    171:174:public java.math.BigInteger getAsBigInteger()
    187:190:public float getAsFloat()
    227:230:public byte getAsByte()
    235:238:public char getAsCharacter()
    251:254:public short getAsShort()
com.google.gson.JsonDeserializationContext:
    public abstract java.lang.Object deserialize(com.google.gson.JsonElement,java.lang.reflect.Type)